Using pre-set license
Built from '2021.3/staging' branch; Version is '2021.3.29f1 (204d6dc9ae1c) revision 2116973'; Using compiler version '192829333'; Build Type 'Release'
OS: 'Windows 11  (10.0.22621) 64bit CoreSingleLanguage' Language: 'en' Physical Memory: 16088 MB
BatchMode: 1, IsHumanControllingUs: 0, StartBugReporterOnCrash: 0, Is64bit: 1, IsPro: 1

COMMAND LINE ARGUMENTS:
D:\DISK_DATA\PERSONAL_DATA\UNITY AND GITHUB\EDITOR\2021.3.29f1\Editor\Unity.exe
-adb2
-batchMode
-noUpm
-name
AssetImportWorker0
-projectPath
D:/DISK_DATA/PERSONAL_DATA/UNITY AND GITHUB/PROJECTS/WORD_SEARCH_GAME
-logFile
Logs/AssetImportWorker0.log
-srvPort
52704
Successfully changed project path to: D:/DISK_DATA/PERSONAL_DATA/UNITY AND GITHUB/PROJECTS/WORD_SEARCH_GAME
D:/DISK_DATA/PERSONAL_DATA/UNITY AND GITHUB/PROJECTS/WORD_SEARCH_GAME
[UnityMemory] Configuration Parameters - Can be set up in boot.config
    "memorysetup-bucket-allocator-granularity=16"
    "memorysetup-bucket-allocator-bucket-count=8"
    "memorysetup-bucket-allocator-block-size=33554432"
    "memorysetup-bucket-allocator-block-count=8"
    "memorysetup-main-allocator-block-size=16777216"
    "memorysetup-thread-allocator-block-size=16777216"
    "memorysetup-gfx-main-allocator-block-size=16777216"
    "memorysetup-gfx-thread-allocator-block-size=16777216"
    "memorysetup-cache-allocator-block-size=4194304"
    "memorysetup-typetree-allocator-block-size=2097152"
    "memorysetup-profiler-bucket-allocator-granularity=16"
    "memorysetup-profiler-bucket-allocator-bucket-count=8"
    "memorysetup-profiler-bucket-allocator-block-size=33554432"
    "memorysetup-profiler-bucket-allocator-block-count=8"
    "memorysetup-profiler-allocator-block-size=16777216"
    "memorysetup-profiler-editor-allocator-block-size=1048576"
    "memorysetup-temp-allocator-size-main=16777216"
    "memorysetup-job-temp-allocator-block-size=2097152"
    "memorysetup-job-temp-allocator-block-size-background=1048576"
    "memorysetup-job-temp-allocator-reduction-small-platforms=262144"
    "memorysetup-temp-allocator-size-background-worker=32768"
    "memorysetup-temp-allocator-size-job-worker=262144"
    "memorysetup-temp-allocator-size-preload-manager=33554432"
    "memorysetup-temp-allocator-size-nav-mesh-worker=65536"
    "memorysetup-temp-allocator-size-audio-worker=65536"
    "memorysetup-temp-allocator-size-cloud-worker=32768"
    "memorysetup-temp-allocator-size-gi-baking-worker=262144"
    "memorysetup-temp-allocator-size-gfx=262144"
Player connection [19108] Host "[IP] 192.168.1.7 [Port] 0 [Flags] 2 [Guid] 2869905472 [EditorId] 2869905472 [Version] 1048832 [Id] WindowsEditor(7,FLASH) [Debug] 1 [PackageName] WindowsEditor [ProjectName] Editor" joined multi-casting on [225.0.0.222:54997]...

Player connection [19108] Host "[IP] 192.168.1.7 [Port] 0 [Flags] 2 [Guid] 2869905472 [EditorId] 2869905472 [Version] 1048832 [Id] WindowsEditor(7,FLASH) [Debug] 1 [PackageName] WindowsEditor [ProjectName] Editor" joined alternative multi-casting on [225.0.0.222:34997]...

Refreshing native plugins compatible for Editor in 68.24 ms, found 3 plugins.
Preloading 0 native plugins for Editor in 0.00 ms.
Initialize engine version: 2021.3.29f1 (204d6dc9ae1c)
[Subsystems] Discovering subsystems at path D:/DISK_DATA/PERSONAL_DATA/UNITY AND GITHUB/EDITOR/2021.3.29f1/Editor/Data/Resources/UnitySubsystems
[Subsystems] Discovering subsystems at path D:/DISK_DATA/PERSONAL_DATA/UNITY AND GITHUB/PROJECTS/WORD_SEARCH_GAME/Assets
GfxDevice: creating device client; threaded=0; jobified=0
Direct3D:
    Version:  Direct3D 11.0 [level 11.1]
    Renderer: NVIDIA GeForce RTX 3060 Laptop GPU (ID=0x2560)
    Vendor:   NVIDIA
    VRAM:     6009 MB
    Driver:   31.0.15.3734
Initialize mono
Mono path[0] = 'D:/DISK_DATA/PERSONAL_DATA/UNITY AND GITHUB/EDITOR/2021.3.29f1/Editor/Data/Managed'
Mono path[1] = 'D:/DISK_DATA/PERSONAL_DATA/UNITY AND GITHUB/EDITOR/2021.3.29f1/Editor/Data/MonoBleedingEdge/lib/mono/unityjit-win32'
Mono config path = 'D:/DISK_DATA/PERSONAL_DATA/UNITY AND GITHUB/EDITOR/2021.3.29f1/Editor/Data/MonoBleedingEdge/etc'
Using monoOptions --debugger-agent=transport=dt_socket,embedding=1,server=y,suspend=n,address=127.0.0.1:56444
Begin MonoManager ReloadAssembly
Registering precompiled unity dll's ...
Register platform support module: D:/DISK_DATA/PERSONAL_DATA/UNITY AND GITHUB/EDITOR/2021.3.29f1/Editor/Data/PlaybackEngines/AndroidPlayer/UnityEditor.Android.Extensions.dll
Register platform support module: D:/DISK_DATA/PERSONAL_DATA/UNITY AND GITHUB/EDITOR/2021.3.29f1/Editor/Data/PlaybackEngines/WindowsStandaloneSupport/UnityEditor.WindowsStandalone.Extensions.dll
Registered in 0.002334 seconds.
Native extension for WindowsStandalone target not found
Native extension for Android target not found
Android Extension - Scanning For ADB Devices 962 ms
Refreshing native plugins compatible for Editor in 62.53 ms, found 3 plugins.
Preloading 0 native plugins for Editor in 0.00 ms.
Mono: successfully reloaded assembly
- Completed reload, in  1.403 seconds
Domain Reload Profiling:
	ReloadAssembly (1403ms)
		BeginReloadAssembly (53ms)
			ExecutionOrderSort (0ms)
			DisableScriptedObjects (0ms)
			BackupInstance (0ms)
			ReleaseScriptingObjects (0ms)
			CreateAndSetChildDomain (1ms)
		EndReloadAssembly (1293ms)
			LoadAssemblies (52ms)
			RebuildTransferFunctionScriptingTraits (0ms)
			SetupTypeCache (68ms)
			ReleaseScriptCaches (0ms)
			RebuildScriptCaches (18ms)
			SetupLoadedEditorAssemblies (1174ms)
				LogAssemblyErrors (0ms)
				InitializePlatformSupportModulesInManaged (1025ms)
				SetLoadedEditorAssemblies (0ms)
				RefreshPlugins (63ms)
				BeforeProcessingInitializeOnLoad (1ms)
				ProcessInitializeOnLoadAttributes (56ms)
				ProcessInitializeOnLoadMethodAttributes (28ms)
				AfterProcessingInitializeOnLoad (0ms)
				EditorAssembliesLoaded (0ms)
			ExecutionOrderSort2 (0ms)
			AwakeInstancesAfterBackupRestoration (0ms)
Platform modules already initialized, skipping
Registering precompiled user dll's ...
Registered in 0.004056 seconds.
Begin MonoManager ReloadAssembly
Symbol file LoadedFromMemory doesn't match image D:\DISK_DATA\PERSONAL_DATA\UNITY AND GITHUB\PROJECTS\WORD_SEARCH_GAME\Library\PackageCache\com.unity.visualscripting@1.8.0\Editor\VisualScripting.Core\Dependencies\YamlDotNet\Unity.VisualScripting.YamlDotNet.dll
Symbol file LoadedFromMemory doesn't match image D:\DISK_DATA\PERSONAL_DATA\UNITY AND GITHUB\PROJECTS\WORD_SEARCH_GAME\Library\PackageCache\com.unity.visualscripting@1.8.0\Editor\VisualScripting.Core\Dependencies\DotNetZip\Unity.VisualScripting.IonicZip.dll
Native extension for WindowsStandalone target not found
Native extension for Android target not found
Refreshing native plugins compatible for Editor in 65.50 ms, found 3 plugins.
Preloading 0 native plugins for Editor in 0.00 ms.
Mono: successfully reloaded assembly
- Completed reload, in  0.818 seconds
Domain Reload Profiling:
	ReloadAssembly (818ms)
		BeginReloadAssembly (76ms)
			ExecutionOrderSort (0ms)
			DisableScriptedObjects (4ms)
			BackupInstance (0ms)
			ReleaseScriptingObjects (0ms)
			CreateAndSetChildDomain (14ms)
		EndReloadAssembly (678ms)
			LoadAssemblies (63ms)
			RebuildTransferFunctionScriptingTraits (0ms)
			SetupTypeCache (201ms)
			ReleaseScriptCaches (0ms)
			RebuildScriptCaches (39ms)
			SetupLoadedEditorAssemblies (346ms)
				LogAssemblyErrors (0ms)
				InitializePlatformSupportModulesInManaged (12ms)
				SetLoadedEditorAssemblies (0ms)
				RefreshPlugins (66ms)
				BeforeProcessingInitializeOnLoad (63ms)
				ProcessInitializeOnLoadAttributes (140ms)
				ProcessInitializeOnLoadMethodAttributes (64ms)
				AfterProcessingInitializeOnLoad (1ms)
				EditorAssembliesLoaded (0ms)
			ExecutionOrderSort2 (0ms)
			AwakeInstancesAfterBackupRestoration (5ms)
Platform modules already initialized, skipping
========================================================================
Worker process is ready to serve import requests
Launched and connected shader compiler UnityShaderCompiler.exe after 0.03 seconds
Refreshing native plugins compatible for Editor in 0.94 ms, found 3 plugins.
Preloading 0 native plugins for Editor in 0.00 ms.
Unloading 4989 Unused Serialized files (Serialized files now loaded: 0)
Unloading 38 unused Assets / (0.7 MB). Loaded Objects now: 5453.
Memory consumption went from 206.3 MB to 205.6 MB.
Total: 3.492500 ms (FindLiveObjects: 0.402400 ms CreateObjectMapping: 0.179000 ms MarkObjects: 2.579400 ms  DeleteObjects: 0.330400 ms)

AssetImportParameters requested are different than current active one (requested -> active):
  custom:video-decoder-ogg-theora: a1e56fd34408186e4bbccfd4996cb3dc -> 
  custom:container-muxer-webm: aa71ff27fc2769a1b78a27578f13a17b -> 
  custom:container-demuxer-webm: 4f35f7cbe854078d1ac9338744f61a02 -> 
  custom:video-encoder-webm-vp8: eb34c28f22e8b96e1ab97ce403110664 -> 
  custom:audio-encoder-webm-vorbis: bf7c407c2cedff20999df2af8eb42d56 -> 
  custom:framework-win-MediaFoundation: 216162199b28c13a410421893ffa2e32 -> 
  custom:container-demuxer-ogg: 62fdf1f143b41e24485cea50d1cbac27 -> 
  custom:video-decoder-webm-vp8: 9c59270c3fd7afecdb556c50c9e8de78 -> 
  custom:audio-decoder-ogg-vorbis: bf7c407c2cedff20999df2af8eb42d56 -> 
========================================================================
Received Import Request.
  Time since last request: 1346.656728 seconds.
  path: Assets/WordSearchGame/Scripts/UI_Manager.cs
  artifactKey: Guid(d602c4178bc289340b1a6d1adb923d42) Importer(815301076,1909f56bfc062723c751e8b465ee728b)
Start importing Assets/WordSearchGame/Scripts/UI_Manager.cs using Guid(d602c4178bc289340b1a6d1adb923d42) Importer(815301076,1909f56bfc062723c751e8b465ee728b)  -> (artifact id: '7f48291c6eebd0f1bdae8c19eee70642') in 0.139726 seconds 
========================================================================
Received Import Request.
  Time since last request: 3.151494 seconds.
  path: Assets/WordSearchGame/Scripts/Level.cs
  artifactKey: Guid(f158a3638b95a4346a12cd2cd0888259) Importer(815301076,1909f56bfc062723c751e8b465ee728b)
Start importing Assets/WordSearchGame/Scripts/Level.cs using Guid(f158a3638b95a4346a12cd2cd0888259) Importer(815301076,1909f56bfc062723c751e8b465ee728b)  -> (artifact id: '8692ced65a5f1a64669c4ed58dc42a80') in 0.015246 seconds 
========================================================================
Received Import Request.
  Time since last request: 2.454012 seconds.
  path: Assets/WordSearchGame/Scripts/GameController.cs
  artifactKey: Guid(83af8b539e8c22f4c90ba1635dbe89ff) Importer(815301076,1909f56bfc062723c751e8b465ee728b)
Start importing Assets/WordSearchGame/Scripts/GameController.cs using Guid(83af8b539e8c22f4c90ba1635dbe89ff) Importer(815301076,1909f56bfc062723c751e8b465ee728b)  -> (artifact id: '5eeaf109a1bfcd1fbc274efcef3e14aa') in 0.015194 seconds 
========================================================================
Received Import Request.
  Time since last request: 5.557489 seconds.
  path: Assets/WordSearchGame/LevelData/Level_25.csv
  artifactKey: Guid(4d78f8474e822a94192fb5646905414e) Importer(815301076,1909f56bfc062723c751e8b465ee728b)
Start importing Assets/WordSearchGame/LevelData/Level_25.csv using Guid(4d78f8474e822a94192fb5646905414e) Importer(815301076,1909f56bfc062723c751e8b465ee728b)  -> (artifact id: 'efd24b0f748012e6a2fdf61c42c4d6a7') in 0.033060 seconds 
========================================================================
Received Import Request.
  Time since last request: 0.413129 seconds.
  path: Assets/WordSearchGame/Scripts/LevelHandler.cs
  artifactKey: Guid(b0703e26934bdc749a6e151664bf190c) Importer(815301076,1909f56bfc062723c751e8b465ee728b)
Start importing Assets/WordSearchGame/Scripts/LevelHandler.cs using Guid(b0703e26934bdc749a6e151664bf190c) Importer(815301076,1909f56bfc062723c751e8b465ee728b)  -> (artifact id: '24a19b698cb84468d26cb1a4cc8bc264') in 0.221065 seconds 
========================================================================
Received Prepare
Refreshing native plugins compatible for Editor in 2.35 ms, found 3 plugins.
Preloading 0 native plugins for Editor in 0.00 ms.
Unloading 27 Unused Serialized files (Serialized files now loaded: 0)
Unloading 27 unused Assets / (0.7 MB). Loaded Objects now: 5454.
Memory consumption went from 98.1 MB to 97.4 MB.
Total: 2.598100 ms (FindLiveObjects: 0.243200 ms CreateObjectMapping: 0.180100 ms MarkObjects: 1.963500 ms  DeleteObjects: 0.210700 ms)

AssetImportParameters requested are different than current active one (requested -> active):
  custom:video-decoder-ogg-theora: a1e56fd34408186e4bbccfd4996cb3dc -> 
  custom:container-muxer-webm: aa71ff27fc2769a1b78a27578f13a17b -> 
  custom:container-demuxer-webm: 4f35f7cbe854078d1ac9338744f61a02 -> 
  custom:video-encoder-webm-vp8: eb34c28f22e8b96e1ab97ce403110664 -> 
  custom:CustomObjectIndexerAttribute: 6b0e35c9178b02a6363f3721b7b8e397 -> 
  custom:audio-encoder-webm-vorbis: bf7c407c2cedff20999df2af8eb42d56 -> 
  custom:framework-win-MediaFoundation: 216162199b28c13a410421893ffa2e32 -> 
  custom:container-demuxer-ogg: 62fdf1f143b41e24485cea50d1cbac27 -> 
  custom:video-decoder-webm-vp8: 9c59270c3fd7afecdb556c50c9e8de78 -> 
  custom:audio-decoder-ogg-vorbis: bf7c407c2cedff20999df2af8eb42d56 -> 
